{
  "stats": {
    "suites": 1,
    "tests": 2,
    "passes": 2,
    "pending": 0,
    "failures": 0,
    "start": "2017-10-15T08:40:48.546Z",
    "end": "2017-10-15T08:40:48.659Z",
    "duration": 113,
    "testsRegistered": 2,
    "passPercent": 100,
    "pendingPercent": 0,
    "other": 0,
    "hasOther": false,
    "skipped": 0,
    "hasSkipped": false,
    "passPercentClass": "success",
    "pendingPercentClass": "danger"
  },
  "suites": {
    "title": "",
    "suites": [
      {
        "title": "Suite",
        "suites": [],
        "tests": [
          {
            "title": "should finish immediately",
            "fullTitle": "Suite should finish immediately",
            "timedOut": false,
            "duration": 0,
            "state": "passed",
            "speed": "fast",
            "pass": true,
            "fail": false,
            "pending": false,
            "code": "",
            "err": {},
            "isRoot": false,
            "uuid": "ef6e373f-568a-468e-8602-d017521eb51d",
            "parentUUID": "8315226d-5b32-450e-80dc-ed5f9f0a8399",
            "isHook": false,
            "skipped": false
          },
          {
            "title": "should finish after 100ms",
            "fullTitle": "Suite should finish after 100ms",
            "timedOut": false,
            "duration": 107,
            "state": "passed",
            "speed": "slow",
            "pass": true,
            "fail": false,
            "pending": false,
            "code": "setTimeout(done, 100);",
            "err": {},
            "isRoot": false,
            "uuid": "a8fda32b-5e15-4d05-b670-f9eb779a7d5c",
            "parentUUID": "8315226d-5b32-450e-80dc-ed5f9f0a8399",
            "isHook": false,
            "skipped": false
          }
        ],
        "pending": [],
        "root": false,
        "_timeout": 2000,
        "file": "/suite.js",
        "uuid": "8315226d-5b32-450e-80dc-ed5f9f0a8399",
        "beforeHooks": [],
        "afterHooks": [],
        "fullFile": "/Users/dsorin/work/mocha-parallel-tests-ts-spike/test/reporter-custom-mochawesome/suite.js",
        "passes": [
          {
            "title": "should finish immediately",
            "fullTitle": "Suite should finish immediately",
            "timedOut": false,
            "duration": 0,
            "state": "passed",
            "speed": "fast",
            "pass": true,
            "fail": false,
            "pending": false,
            "code": "",
            "err": {},
            "isRoot": false,
            "uuid": "ef6e373f-568a-468e-8602-d017521eb51d",
            "parentUUID": "8315226d-5b32-450e-80dc-ed5f9f0a8399",
            "isHook": false,
            "skipped": false
          },
          {
            "title": "should finish after 100ms",
            "fullTitle": "Suite should finish after 100ms",
            "timedOut": false,
            "duration": 107,
            "state": "passed",
            "speed": "slow",
            "pass": true,
            "fail": false,
            "pending": false,
            "code": "setTimeout(done, 100);",
            "err": {},
            "isRoot": false,
            "uuid": "a8fda32b-5e15-4d05-b670-f9eb779a7d5c",
            "parentUUID": "8315226d-5b32-450e-80dc-ed5f9f0a8399",
            "isHook": false,
            "skipped": false
          }
        ],
        "failures": [],
        "skipped": [],
        "hasBeforeHooks": false,
        "hasAfterHooks": false,
        "hasTests": true,
        "hasSuites": false,
        "totalTests": 2,
        "totalPasses": 2,
        "totalFailures": 0,
        "totalPending": 0,
        "totalSkipped": 0,
        "hasPasses": true,
        "hasFailures": false,
        "hasPending": false,
        "hasSkipped": false,
        "duration": 107,
        "rootEmpty": false
      }
    ],
    "tests": [],
    "pending": [],
    "root": true,
    "_timeout": 2000,
    "uuid": "d716f73a-877a-41d8-b776-268e38b47819",
    "beforeHooks": [],
    "afterHooks": [],
    "fullFile": "",
    "file": "",
    "passes": [],
    "failures": [],
    "skipped": [],
    "hasBeforeHooks": false,
    "hasAfterHooks": false,
    "hasTests": false,
    "hasSuites": true,
    "totalTests": 0,
    "totalPasses": 0,
    "totalFailures": 0,
    "totalPending": 0,
    "totalSkipped": 0,
    "hasPasses": false,
    "hasFailures": false,
    "hasPending": false,
    "hasSkipped": false,
    "duration": 0,
    "rootEmpty": true
  },
  "allTests": [
    {
      "title": "should finish immediately",
      "fullTitle": "Suite should finish immediately",
      "timedOut": false,
      "duration": 0,
      "state": "passed",
      "speed": "fast",
      "pass": true,
      "fail": false,
      "pending": false,
      "code": "",
      "err": {},
      "isRoot": false,
      "uuid": "ef6e373f-568a-468e-8602-d017521eb51d",
      "parentUUID": "8315226d-5b32-450e-80dc-ed5f9f0a8399",
      "isHook": false,
      "skipped": false
    },
    {
      "title": "should finish after 100ms",
      "fullTitle": "Suite should finish after 100ms",
      "timedOut": false,
      "duration": 107,
      "state": "passed",
      "speed": "slow",
      "pass": true,
      "fail": false,
      "pending": false,
      "code": "setTimeout(done, 100);",
      "err": {},
      "isRoot": false,
      "uuid": "a8fda32b-5e15-4d05-b670-f9eb779a7d5c",
      "parentUUID": "8315226d-5b32-450e-80dc-ed5f9f0a8399",
      "isHook": false,
      "skipped": false
    }
  ],
  "allPending": [],
  "allPasses": [
    {
      "title": "should finish immediately",
      "fullTitle": "Suite should finish immediately",
      "timedOut": false,
      "duration": 0,
      "state": "passed",
      "speed": "fast",
      "pass": true,
      "fail": false,
      "pending": false,
      "code": "",
      "err": {},
      "isRoot": false,
      "uuid": "ef6e373f-568a-468e-8602-d017521eb51d",
      "parentUUID": "8315226d-5b32-450e-80dc-ed5f9f0a8399",
      "isHook": false,
      "skipped": false
    },
    {
      "title": "should finish after 100ms",
      "fullTitle": "Suite should finish after 100ms",
      "timedOut": false,
      "duration": 107,
      "state": "passed",
      "speed": "slow",
      "pass": true,
      "fail": false,
      "pending": false,
      "code": "setTimeout(done, 100);",
      "err": {},
      "isRoot": false,
      "uuid": "a8fda32b-5e15-4d05-b670-f9eb779a7d5c",
      "parentUUID": "8315226d-5b32-450e-80dc-ed5f9f0a8399",
      "isHook": false,
      "skipped": false
    }
  ],
  "allFailures": [],
  "copyrightYear": 2017
}